[shreethemes.in/upstart/layouts/index.html]
[backblue.gif]
[fade.gif]
[index.html]
[shreethemes.in/upstart/layouts/images/favicon.ico]
[shreethemes.in/upstart/layouts/css/bootstrap.min.css]
[shreethemes.in/upstart/layouts/css/tobii.min.css]
[shreethemes.in/upstart/layouts/css/materialdesignicons.min.css]
[unicons.iconscout.com/release/v4.0.0/css/line.css]
[shreethemes.in/upstart/layouts/css/style.min.css]
[shreethemes.in/upstart/layouts/images/logo-light.png]
[shreethemes.in/upstart/layouts/images/logo-dark.png]
[shreethemes.in/upstart/layouts/images/bg/1.jpg]
[shreethemes.in/upstart/layouts/images/about.jpg]
[shreethemes.in/upstart/layouts/images/portfolio/1.jpg]
[shreethemes.in/upstart/layouts/images/portfolio/2.jpg]
[shreethemes.in/upstart/layouts/images/portfolio/3.jpg]
[shreethemes.in/upstart/layouts/images/portfolio/4.jpg]
[shreethemes.in/upstart/layouts/images/portfolio/5.jpg]
[shreethemes.in/upstart/layouts/images/portfolio/6.jpg]
[shreethemes.in/upstart/layouts/images/portfolio/7.jpg]
[shreethemes.in/upstart/layouts/images/portfolio/8.jpg]
[shreethemes.in/upstart/layouts/images/bg/cta.png]
[shreethemes.in/upstart/layouts/images/client/01.jpg]
[shreethemes.in/upstart/layouts/images/client/02.jpg]
[shreethemes.in/upstart/layouts/images/client/08.jpg]
[shreethemes.in/upstart/layouts/images/client/03.jpg]
[shreethemes.in/upstart/layouts/images/blog/1.jpg]
[shreethemes.in/upstart/layouts/images/blog/2.jpg]
[shreethemes.in/upstart/layouts/images/blog/3.jpg]
[shreethemes.in/upstart/layouts/js/bootstrap.bundle.min.js]
[shreethemes.in/upstart/layouts/js/gumshoe.js]
[shreethemes.in/upstart/layouts/js/tobii.min.js]
[shreethemes.in/upstart/layouts/js/contact.js]
[shreethemes.in/upstart/layouts/js/feather.min.js]
[shreethemes.in/upstart/layouts/js/plugins.init.js]
[shreethemes.in/upstart/layouts/js/app.js]
[shreethemes.in/upstart/layouts/index.html]
[shreethemes.in/upstart/layouts/css/bootstrap.min.css]
[shreethemes.in/upstart/layouts/css/tobii.min.css]
[shreethemes.in/upstart/layouts/fonts/materialdesignicons-webfontd6e4.eot]
[shreethemes.in/upstart/layouts/fonts/materialdesignicons-webfontd41d.eot]
[shreethemes.in/upstart/layouts/fonts/materialdesignicons-webfontd6e4.woff2]
[shreethemes.in/upstart/layouts/fonts/materialdesignicons-webfontd6e4.woff]
[shreethemes.in/upstart/layouts/fonts/materialdesignicons-webfontd6e4.ttf]
[shreethemes.in/upstart/layouts/css/materialdesignicons.min.css]
[unicons.iconscout.com/release/v4.0.0/css/line.css]
[shreethemes.in/upstart/layouts/css/style.min.css]
[shreethemes.in/upstart/layouts/images/svg/design-thinking.svg]
[shreethemes.in/upstart/layouts/images/svg/coding.svg]
[shreethemes.in/upstart/layouts/images/svg/office-desk.svg]
[shreethemes.in/upstart/layouts/images/client/amazon.svg]
[shreethemes.in/upstart/layouts/images/client/google.svg]
[shreethemes.in/upstart/layouts/images/client/lenovo.svg]
[shreethemes.in/upstart/layouts/images/client/paypal.svg]
[shreethemes.in/upstart/layouts/images/client/shopify.svg]
[shreethemes.in/upstart/layouts/images/client/spotify.svg]
